EAC 展開 ログファイル 日付： 8. 12月 2012, 0:32 for CD
池頼広 / かみちゅ! オリジナル・サウンドトラック

使用ドライブ  : MATSHITADVD-RAM UJ869AS   Adapter: 0  ID: 1
読み込みモード   : セキュア（C2 : NO / 正確なデータ転送力 : YES / キャッシュ無効 : NO）
読み込み・書き込みオフセット訂正値 : 0
リードインとリードアウトをオーバーリードする : No

使用出力フォーマット : 内部 WAV ルーチン
                     44.100 Hz; 16 Bit; ステレオ

その他のオプション      : 
    消失したオフセットサンプルを無音に置き換える : Yes
    曲の先頭と末尾の無音部を削除する : No
    標準 Win32 の Win NT & 2000 用


展開範囲ステータスとエラー
選択された範囲
     ファイル名 V:\Contents\池頼広 - かみちゅ! オリジナル・サウンドトラック.wav

     ピークレベル 100.0 %
     選択範囲品質 100.0 %
     CRC 713C7EB5
     コピー OK

エラーは検出されませんでした

ステータスの報告終了
